#
# There is insufficient memory for the Java Runtime Environment to continue.
# Native memory allocation (malloc) failed to allocate 1048576 bytes for AllocateHeap
# Possible reasons:
#   The system is out of physical RAM or swap space
#   The process is running with CompressedOops enabled, and the Java Heap may be blocking the growth of the native heap
# Possible solutions:
#   Reduce memory load on the system
#   Increase physical memory or swap space
#   Check if swap backing store is full
#   Decrease Java heap size (-Xmx/-Xms)
#   Decrease number of Java threads
#   Decrease Java thread stack sizes (-Xss)
#   Set larger code cache with -XX:ReservedCodeCacheSize=
#   JVM is running with Zero Based Compressed Oops mode in which the Java heap is
#     placed in the first 32GB address space. The Java Heap base address is the
#     maximum limit for the native heap growth. Please use -XX:HeapBaseMinAddress
#     to set the Java Heap base and to place the Java Heap above 32GB virtual address.
# This output file may be truncated or incomplete.
#
#  Out of Memory Error (allocation.cpp:44), pid=16412, tid=11376
#
# JRE version:  (17.0.10+8) (build )
# Java VM: OpenJDK 64-Bit Server VM (17.0.10+8-b1207.12, mixed mode, sharing, tiered, compressed oops, compressed class ptrs, g1 gc, windows-amd64)
# No core dump will be written. Minidumps are not enabled by default on client versions of Windows
#

---------------  S U M M A R Y ------------

Command Line: git4idea.http.GitAskPassApp Username for 'https://github.com': 

Host: Intel(R) Core(TM) i7-10510U CPU @ 1.80GHz, 8 cores, 15G,  Windows 11 , 64 bit Build 22621 (10.0.22621.3527)
Time: Wed Jun  5 18:38:59 2024 W. Central Africa Standard Time elapsed time: 0.070675 seconds (0d 0h 0m 0s)

---------------  T H R E A D  ---------------

Current thread (0x0000012360d8cb10):  JavaThread "Unknown thread" [_thread_in_vm, id=11376, stack(0x0000001b76500000,0x0000001b76600000)]

Stack: [0x0000001b76500000,0x0000001b76600000]
Native frames: (J=compiled Java code, j=interpreted, Vv=VM code, C=native code)
V  [jvm.dll+0x687989]
V  [jvm.dll+0x84116a]
V  [jvm.dll+0x842dae]
V  [jvm.dll+0x843413]
V  [jvm.dll+0x249ccf]
V  [jvm.dll+0xa6ca3]
V  [jvm.dll+0x2e9aa7]
V  [jvm.dll+0x2e173b]
V  [jvm.dll+0x811c31]
V  [jvm.dll+0x36fc11]
V  [jvm.dll+0x7f0666]
V  [jvm.dll+0x3f3daf]
V  [jvm.dll+0x3f5a41]
C  [jli.dll+0x528f]
C  [ucrtbase.dll+0x29333]
C  [KERNEL32.DLL+0x1257d]
C  [ntdll.dll+0x5aa48]


---------------  P R O C E S S  ---------------

Threads class SMR info:
_java_thread_list=0x00007ffb05e8df58, length=0, elements={
}

Java Threads: ( => current thread )

Other Threads:
  0x0000012360df8e30 GCTaskThread "GC Thread#0" [stack: 0x0000001b76600000,0x0000001b76700000] [id=11364]

[error occurred during error reporting (printing all threads), id 0xc0000005, EXCEPTION_ACCESS_VIOLATION (0xc0000005) at pc=0x00007ffb0563e9f0]

VM state: not at safepoint (not fully initialized)

VM Mutex/Monitor currently owned by a thread:  ([mutex/lock_event])
[0x0000012360d86d40] Heap_lock - owner thread: 0x0000012360d8cb10

Heap address: 0x0000000703400000, size: 4044 MB, Compressed Oops mode: Zero based, Oop shift amount: 3

CDS archive(s) mapped at: [0x0000000000000000-0x0000000000000000-0x0000000000000000), size 0, SharedBaseAddress: 0x0000000800000000, ArchiveRelocationMode: 1.
Narrow klass base: 0x0000000000000000, Narrow klass shift: 0, Narrow klass range: 0x0

GC Precious Log:
<Empty>

Heap:
 garbage-first heap   total 0K, used 0K [0x0000000703400000, 0x0000000800000000)
  region size 2048K, 0 young (0K), 0 survivors (0K)
 Metaspace       used 0K, committed 0K, reserved 0K
  class space    used 0K, committed 0K, reserved 0K

Heap Regions: E=young(eden), S=young(survivor), O=old, HS=humongous(starts), HC=humongous(continues), CS=collection set, F=free, OA=open archive, CA=closed archive, TAMS=top-at-mark-start (previous, next)

Card table byte_map: [0x0000012374020000,0x0000012374810000] _byte_map_base: 0x0000012370806000

GC Heap History (0 events):
No events

Dll operation events (1 events):
Event: 0.008 Loaded shared library C:\Program Files\JetBrains\IntelliJ IDEA Community Edition 2023.3.3\jbr\bin\java.dll

Deoptimization events (0 events):
No events

Classes unloaded (0 events):
No events

Classes redefined (0 events):
No events

Internal exceptions (0 events):
No events

VM Operations (0 events):
No events

Events (0 events):
No events


Dynamic libraries:
0x00007ff73b1d0000 - 0x00007ff73b1da000 	C:\Program Files\JetBrains\IntelliJ IDEA Community Edition 2023.3.3\jbr\bin\java.exe
0x00007ffb95df0000 - 0x00007ffb96007000 	C:\WINDOWS\SYSTEM32\ntdll.dll
0x00007ffb94e20000 - 0x00007ffb94ee4000 	C:\WINDOWS\System32\KERNEL32.DLL
0x00007ffb93110000 - 0x00007ffb934b7000 	C:\WINDOWS\System32\KERNELBASE.dll
0x00007ffb93780000 - 0x00007ffb93891000 	C:\WINDOWS\System32\ucrtbase.dll
0x00007ffb6bf60000 - 0x00007ffb6bf77000 	C:\Program Files\JetBrains\IntelliJ IDEA Community Edition 2023.3.3\jbr\bin\jli.dll
0x00007ffb80410000 - 0x00007ffb8042b000 	C:\Program Files\JetBrains\IntelliJ IDEA Community Edition 2023.3.3\jbr\bin\VCRUNTIME140.dll
0x00007ffb95c00000 - 0x00007ffb95dae000 	C:\WINDOWS\System32\USER32.dll
0x00007ffb72a40000 - 0x00007ffb72cd3000 	C:\WINDOWS\WinSxS\amd64_microsoft.windows.common-controls_6595b64144ccf1df_6.0.22621.3527_none_270e469b73872a76\COMCTL32.dll
0x00007ffb936a0000 - 0x00007ffb936c6000 	C:\WINDOWS\System32\win32u.dll
0x00007ffb93ce0000 - 0x00007ffb93d87000 	C:\WINDOWS\System32\msvcrt.dll
0x00007ffb93b90000 - 0x00007ffb93bb9000 	C:\WINDOWS\System32\GDI32.dll
0x00007ffb93580000 - 0x00007ffb93699000 	C:\WINDOWS\System32\gdi32full.dll
0x00007ffb938a0000 - 0x00007ffb9393a000 	C:\WINDOWS\System32\msvcp_win.dll
0x00007ffb952a0000 - 0x00007ffb952d1000 	C:\WINDOWS\System32\IMM32.DLL
0x00007ffb85df0000 - 0x00007ffb85dfc000 	C:\Program Files\JetBrains\IntelliJ IDEA Community Edition 2023.3.3\jbr\bin\vcruntime140_1.dll
0x00007ffb61110000 - 0x00007ffb6119d000 	C:\Program Files\JetBrains\IntelliJ IDEA Community Edition 2023.3.3\jbr\bin\msvcp140.dll
0x00007ffb05350000 - 0x00007ffb05fd2000 	C:\Program Files\JetBrains\IntelliJ IDEA Community Edition 2023.3.3\jbr\bin\server\jvm.dll
0x00007ffb94480000 - 0x00007ffb94532000 	C:\WINDOWS\System32\ADVAPI32.dll
0x00007ffb95660000 - 0x00007ffb95708000 	C:\WINDOWS\System32\sechost.dll
0x00007ffb93750000 - 0x00007ffb93778000 	C:\WINDOWS\System32\bcrypt.dll
0x00007ffb95710000 - 0x00007ffb95825000 	C:\WINDOWS\System32\RPCRT4.dll
0x00007ffb92ff0000 - 0x00007ffb9303d000 	C:\WINDOWS\SYSTEM32\POWRPROF.dll
0x00007ffb8a0d0000 - 0x00007ffb8a0d9000 	C:\WINDOWS\SYSTEM32\WSOCK32.dll
0x00007ffb876c0000 - 0x00007ffb876f4000 	C:\WINDOWS\SYSTEM32\WINMM.dll
0x00007ffb93bc0000 - 0x00007ffb93c31000 	C:\WINDOWS\System32\WS2_32.dll
0x00007ffb865c0000 - 0x00007ffb865ca000 	C:\WINDOWS\SYSTEM32\VERSION.dll
0x00007ffb92fb0000 - 0x00007ffb92fc3000 	C:\WINDOWS\SYSTEM32\UMPDC.dll
0x00007ffb920d0000 - 0x00007ffb920e8000 	C:\WINDOWS\SYSTEM32\kernel.appcore.dll
0x00007ffb7a6e0000 - 0x00007ffb7a6ea000 	C:\Program Files\JetBrains\IntelliJ IDEA Community Edition 2023.3.3\jbr\bin\jimage.dll
0x00007ffb90c90000 - 0x00007ffb90ec2000 	C:\WINDOWS\SYSTEM32\DBGHELP.DLL
0x00007ffb94f00000 - 0x00007ffb95288000 	C:\WINDOWS\System32\combase.dll
0x00007ffb95b20000 - 0x00007ffb95bf7000 	C:\WINDOWS\System32\OLEAUT32.dll
0x00007ffb706d0000 - 0x00007ffb70702000 	C:\WINDOWS\SYSTEM32\dbgcore.DLL
0x00007ffb936d0000 - 0x00007ffb93749000 	C:\WINDOWS\System32\bcryptPrimitives.dll
0x00007ffb70a90000 - 0x00007ffb70ab5000 	C:\Program Files\JetBrains\IntelliJ IDEA Community Edition 2023.3.3\jbr\bin\java.dll

dbghelp: loaded successfully - version: 4.0.5 - missing functions: none
symbol engine: initialized successfully - sym options: 0x614 - pdb path: .;C:\Program Files\JetBrains\IntelliJ IDEA Community Edition 2023.3.3\jbr\bin;C:\WINDOWS\SYSTEM32;C:\WINDOWS\WinSxS\amd64_microsoft.windows.common-controls_6595b64144ccf1df_6.0.22621.3527_none_270e469b73872a76;C:\Program Files\JetBrains\IntelliJ IDEA Community Edition 2023.3.3\jbr\bin\server

VM Arguments:
java_command: git4idea.http.GitAskPassApp Username for 'https://github.com': 
java_class_path (initial): C:/Program Files/JetBrains/IntelliJ IDEA Community Edition 2023.3.3/plugins/vcs-git/lib/git4idea-rt.jar;C:/Program Files/JetBrains/IntelliJ IDEA Community Edition 2023.3.3/lib/externalProcess-rt.jar
Launcher Type: SUN_STANDARD

[Global flags]
     intx CICompilerCount                          = 4                                         {product} {ergonomic}
     uint ConcGCThreads                            = 2                                         {product} {ergonomic}
     uint G1ConcRefinementThreads                  = 8                                         {product} {ergonomic}
   size_t G1HeapRegionSize                         = 2097152                                   {product} {ergonomic}
    uintx GCDrainStackTargetSize                   = 64                                        {product} {ergonomic}
   size_t InitialHeapSize                          = 266338304                                 {product} {ergonomic}
   size_t MarkStackSize                            = 4194304                                   {product} {ergonomic}
   size_t MaxHeapSize                              = 4240441344                                {product} {ergonomic}
   size_t MinHeapDeltaBytes                        = 2097152                                   {product} {ergonomic}
   size_t MinHeapSize                              = 8388608                                   {product} {ergonomic}
    uintx NonNMethodCodeHeapSize                   = 5839372                                {pd product} {ergonomic}
    uintx NonProfiledCodeHeapSize                  = 122909434                              {pd product} {ergonomic}
    uintx ProfiledCodeHeapSize                     = 122909434                              {pd product} {ergonomic}
    uintx ReservedCodeCacheSize                    = 251658240                              {pd product} {ergonomic}
     bool SegmentedCodeCache                       = true                                      {product} {ergonomic}
   size_t SoftMaxHeapSize                          = 4240441344                             {manageable} {ergonomic}
     bool UseCompressedClassPointers               = true                           {product lp64_product} {ergonomic}
     bool UseCompressedOops                        = true                           {product lp64_product} {ergonomic}
     bool UseG1GC                                  = true                                      {product} {ergonomic}
     bool UseLargePagesIndividualAllocation        = false                                  {pd product} {ergonomic}

Logging:
Log output configuration:
 #0: stdout all=warning uptime,level,tags
 #1: stderr all=off uptime,level,tags

Environment Variables:
PATH=C:/Program Files/Git/mingw64/libexec/git-core;C:/Program Files/Git/mingw64/libexec/git-core;C:\Program Files\Git\mingw64\bin;C:\Program Files\Git\usr\bin;C:\Users\pengk\bin;C:\WINDOWS\system32;C:\WINDOWS;C:\WINDOWS\System32\Wbem;C:\WINDOWS\System32\WindowsPowerShell\v1.0\;C:\WINDOWS\System32\OpenSSH\;C:\Program Files\dotnet\;C:\Program Files\Calibre2\;C:\Program Files\Microsoft SQL Server\120\Tools\Binn\;C:\Program Files\Common Files\Autodesk Shared\;C:\Program Files\Microsoft SQL Server\150\Tools\Binn\;C:\texlive\2023\bin\windows;C:\Program Files\Git\cmd;C:\Users\pengk\AppData\Local\Microsoft\WindowsApps;C:\Users\pengk\AppData\Local\GitHubDesktop\bin
USERNAME=Gbenga
DISPLAY=:0.0
LC_ALL=en_US.UTF-8
TERM=xterm-256color
TMPDIR=C:\Users\pengk\AppData\Local\Temp
OS=Windows_NT
PROCESSOR_IDENTIFIER=Intel64 Family 6 Model 142 Stepping 12, GenuineIntel
TMP=C:\Users\pengk\AppData\Local\Temp
TEMP=C:\Users\pengk\AppData\Local\Temp



Periodic native trim disabled

JNI global refs:
JNI global refs: 0, weak refs: 0

JNI global refs memory usage: 0, weak refs: 0

OOME stack traces (most recent first):
Classloader memory used:


---------------  S Y S T E M  ---------------

OS:
 Windows 11 , 64 bit Build 22621 (10.0.22621.3527)
OS uptime: 4 days 3:53 hours

CPU: total 8 (initial active 8) (4 cores per cpu, 2 threads per core) family 6 model 142 stepping 12 microcode 0xde, cx8, cmov, fxsr, ht, mmx, 3dnowpref, sse, sse2, sse3, ssse3, sse4.1, sse4.2, popcnt, lzcnt, tsc, tscinvbit, avx, avx2, aes, erms, clmul, bmi1, bmi2, adx, fma, vzeroupper, clflush, clflushopt
Processor Information for all 8 processors :
  Max Mhz: 2304, Current Mhz: 1803, Mhz Limit: 1797

Memory: 4k page, system-wide physical 16171M (5194M free)
TotalPageFile size 16171M (AvailPageFile size 3M)
current process WorkingSet (physical memory assigned to process): 11M, peak: 11M
current process commit charge ("private bytes"): 53M, peak: 54M

vm_info: OpenJDK 64-Bit Server VM (17.0.10+8-b1207.12) for windows-amd64 JRE (17.0.10+8-b1207.12), built on 2024-03-15 by "builduser" with MS VC++ 16.10 / 16.11 (VS2019)

END.
